{"E:\\stroke-app\\App.js": {"path":"E:\\stroke-app\\App.js","statementMap":{"0":{"start":{"line":7,"column":36},"end":{"line":7,"column":52}},"1":{"start":{"line":8,"column":18},"end":{"line":8,"column":56}},"2":{"start":{"line":9,"column":26},"end":{"line":9,"column":44}},"3":{"start":{"line":12,"column":4},"end":{"line":37,"column":5}},"4":{"start":{"line":13,"column":6},"end":{"line":13,"column":18}},"5":{"start":{"line":14,"column":6},"end":{"line":14,"column":44}},"6":{"start":{"line":15,"column":6},"end":{"line":18,"column":9}},"7":{"start":{"line":19,"column":28},"end":{"line":33,"column":8}},"8":{"start":{"line":34,"column":6},"end":{"line":34,"column":30}},"9":{"start":{"line":36,"column":6},"end":{"line":36,"column":54}},"10":{"start":{"line":41,"column":4},"end":{"line":41,"column":34}},"11":{"start":{"line":42,"column":4},"end":{"line":42,"column":28}},"12":{"start":{"line":43,"column":4},"end":{"line":43,"column":41}},"13":{"start":{"line":44,"column":16},"end":{"line":44,"column":34}},"14":{"start":{"line":46,"column":4},"end":{"line":82,"column":5}},"15":{"start":{"line":47,"column":6},"end":{"line":47,"column":38}},"16":{"start":{"line":48,"column":19},"end":{"line":48,"column":51}},"17":{"start":{"line":49,"column":21},"end":{"line":49,"column":35}},"18":{"start":{"line":50,"column":21},"end":{"line":50,"column":50}},"19":{"start":{"line":52,"column":21},"end":{"line":52,"column":35}},"20":{"start":{"line":53,"column":6},"end":{"line":57,"column":9}},"21":{"start":{"line":59,"column":20},"end":{"line":66,"column":7}},"22":{"start":{"line":68,"column":6},"end":{"line":68,"column":54}},"23":{"start":{"line":72,"column":19},"end":{"line":72,"column":46}},"24":{"start":{"line":73,"column":6},"end":{"line":73,"column":24}},"25":{"start":{"line":76,"column":23},"end":{"line":76,"column":51}},"26":{"start":{"line":78,"column":19},"end":{"line":78,"column":40}},"27":{"start":{"line":79,"column":6},"end":{"line":79,"column":25}},"28":{"start":{"line":81,"column":6},"end":{"line":81,"column":25}},"29":{"start":{"line":85,"column":2},"end":{"line":95,"column":4}},"30":{"start":{"line":98,"column":15},"end":{"line":133,"column":2}}},"fnMap":{"0":{"name":"App","decl":{"start":{"line":6,"column":24},"end":{"line":6,"column":27}},"loc":{"start":{"line":6,"column":30},"end":{"line":96,"column":1}},"line":6},"1":{"name":"startRecording","decl":{"start":{"line":11,"column":17},"end":{"line":11,"column":31}},"loc":{"start":{"line":11,"column":34},"end":{"line":38,"column":3}},"line":11},"2":{"name":"stopRecording","decl":{"start":{"line":40,"column":17},"end":{"line":40,"column":30}},"loc":{"start":{"line":40,"column":33},"end":{"line":83,"column":3}},"line":40}},"branchMap":{"0":{"loc":{"start":{"line":90,"column":17},"end":{"line":90,"column":59}},"type":"cond-expr","locations":[{"start":{"line":90,"column":29},"end":{"line":90,"column":42}},{"start":{"line":90,"column":45},"end":{"line":90,"column":59}}],"line":90},"1":{"loc":{"start":{"line":91,"column":43},"end":{"line":91,"column":91}},"type":"cond-expr","locations":[{"start":{"line":91,"column":55},"end":{"line":91,"column":71}},{"start":{"line":91,"column":74},"end":{"line":91,"column":91}}],"line":91}},"s":{"0":2,"1":2,"2":2,"3":0,"4":0,"5":0,"6":0,"7":0,"8":0,"9":0,"10":0,"11":0,"12":0,"13":0,"14":0,"15":0,"16":0,"17":0,"18":0,"19":0,"20":0,"21":0,"22":0,"23":0,"24":0,"25":0,"26":0,"27":0,"28":0,"29":2,"30":1},"f":{"0":2,"1":0,"2":0},"b":{"0":[0,2],"1":[0,2]},"_coverageSchema":"1a1c01bbd47fc00a2c39e90264f33305004495a9","hash":"1b6f83d91aaa6e4f67d3a159da46cdebf137244e"}
}
